This is pdfTeX, Version 3.141592653-2.6-1.40.25 (MiKTeX 23.4) (preloaded format=pdflatex 2023.8.9)  9 AUG 2023 20:22
entering extended mode
 restricted \write18 enabled.
 %&-line parsing enabled.
**./input.tex
(input.tex
LaTeX2e <2022-11-01> patch level 1
L3 programming layer <2023-03-30>
(C:\Users\vikin\AppData\Local\Programs\MiKTeX\tex/latex/base\article.cls
Document Class: article 2022/07/02 v1.4n Standard LaTeX document class
(C:\Users\vikin\AppData\Local\Programs\MiKTeX\tex/latex/base\size12.clo
File: size12.clo 2022/07/02 v1.4n Standard LaTeX file (size option)
)
\c@part=\count185
\c@section=\count186
\c@subsection=\count187
\c@subsubsection=\count188
\c@paragraph=\count189
\c@subparagraph=\count190
\c@figure=\count191
\c@table=\count192
\abovecaptionskip=\skip48
\belowcaptionskip=\skip49
\bibindent=\dimen140
)

! LaTeX Error: File `ucs.sty' not found.

Type X to quit or <RETURN> to proceed,
or enter new name. (Default extension: sty)

Enter file name: 
(C:\Users\vikin\AppData\Local\Programs\MiKTeX\tex/latex/base\inputenc.sty
Package: inputenc 2021/02/14 v1.3d Input encoding file
\inpenc@prehook=\toks16
\inpenc@posthook=\toks17


! LaTeX Error: File `utf8x.def' not found.

Type X to quit or <RETURN> to proceed,
or enter new name. (Default extension: def)

Enter file name: 
(C:\Users\vikin\AppData\Local\Programs\MiKTeX\tex/latex/tools\.tex Fileignored)

Package inputenc Warning: No characters defined
(inputenc)                by input encoding change to `utf8x'
(inputenc)                 on input line 164.

) (C:\Users\vikin\AppData\Local\Programs\MiKTeX\tex/generic/babel\babel.sty
Package: babel 2023/03/28 3.87 The Babel package
\babel@savecnt=\count193
\U@D=\dimen141
\l@unhyphenated=\language79

(C:\Users\vikin\AppData\Local\Programs\MiKTeX\tex/generic/babel\txtbabel.def)
\bbl@readstream=\read2
\bbl@dirlevel=\count194

*************************************
* Local config file bblopts.cfg used
*
(C:\Users\vikin\AppData\Local\Programs\MiKTeX\tex/latex/arabi\bblopts.cfg
File: bblopts.cfg 2005/09/08 v0.1 add Arabic and Farsi to "declared" options of
 babel
)

! Package babel Error: Unknown option 'russian'. Either you misspelled it
(babel)                or the language definition file russian.ldf was not foun
d.

See the babel package documentation for explanation.
Type  H <return>  for immediate help.
 ...                                              
                                                  
l.4380 \ProcessOptions*
                       
? 
Package babel Info: You haven't specified a language as a class or package
(babel)             option. I'll load 'nil'. Reported on input line 4429.
(C:\Users\vikin\AppData\Local\Programs\MiKTeX\tex/generic/babel\nil.ldf
Language: nil 2023/03/28 3.87 Nil language
\l@nil=\language80
))
(C:\Users\vikin\AppData\Local\Programs\MiKTeX\tex/latex/l3backend\l3backend-pdf
tex.def
File: l3backend-pdftex.def 2023-03-30 L3 backend support: PDF output (pdfTeX)
\l__color_backend_stack_int=\count195
\l__pdf_internal_box=\box51
)
No file input.aux.
\openout1 = `input.aux'.

LaTeX Font Info:    Checking defaults for OML/cmm/m/it on input line 10.
LaTeX Font Info:    ... okay on input line 10.
LaTeX Font Info:    Checking defaults for OMS/cmsy/m/n on input line 10.
LaTeX Font Info:    ... okay on input line 10.
LaTeX Font Info:    Checking defaults for OT1/cmr/m/n on input line 10.
LaTeX Font Info:    ... okay on input line 10.
LaTeX Font Info:    Checking defaults for T1/cmr/m/n on input line 10.
LaTeX Font Info:    ... okay on input line 10.
LaTeX Font Info:    Checking defaults for TS1/cmr/m/n on input line 10.
LaTeX Font Info:    ... okay on input line 10.
LaTeX Font Info:    Checking defaults for OMX/cmex/m/n on input line 10.
LaTeX Font Info:    ... okay on input line 10.
LaTeX Font Info:    Checking defaults for U/cmr/m/n on input line 10.
LaTeX Font Info:    ... okay on input line 10.
LaTeX Font Info:    External font `cmex10' loaded for size
(Font)              <20.74> on input line 11.
LaTeX Font Info:    External font `cmex10' loaded for size
(Font)              <14.4> on input line 11.
LaTeX Font Info:    External font `cmex10' loaded for size
(Font)              <12> on input line 11.
LaTeX Font Info:    External font `cmex10' loaded for size
(Font)              <7> on input line 11.
LaTeX Font Info:    External font `cmex10' loaded for size
(Font)              <8> on input line 12.
LaTeX Font Info:    External font `cmex10' loaded for size
(Font)              <6> on input line 12.

! Package inputenc Error: Keyboard character used is undefined
(inputenc)                in inputencoding `utf8x'.

See the inputenc package documentation for explanation.
Type  H <return>  for immediate help.
 ...                                              
                                                  
l.12   \LaTeX{} "--- Ñ
                      Ñ‚Ğ¾ ÑĞ²Ğ¾ĞµĞ³Ğ¾ Ñ€Ğ¾Ğ´Ğ° Ğ¿Ñ€ĞµĞ¿Ñ€Ğ¾Ñ†ĞµÑÑĞ¾Ñ€ Ñ...

? 

! Package inputenc Error: Keyboard character used is undefined
(inputenc)                in inputencoding `utf8x'.

See the inputenc package documentation for explanation.
Type  H <return>  for immediate help.
 ...                                              
                                                  
l.12   \LaTeX{} "--- Ñ
                       Ñ‚Ğ¾ ÑĞ²Ğ¾ĞµĞ³Ğ¾ Ñ€Ğ¾Ğ´Ğ° Ğ¿Ñ€ĞµĞ¿Ñ€Ğ¾Ñ†ĞµÑÑĞ¾Ñ€ Ñ...

? utf8
Type <return> to proceed, S to scroll future error messages,
R to run without stopping, Q to run quietly,
I to insert something, E to edit your file,
1 or ... or 9 to ignore the next 1 to 9 tokens of input,
H for help, X to quit.
? 9
l.12   \LaTeX{} "--- ÑÑ‚Ğ¾ ÑĞ
                               ²Ğ¾ĞµĞ³Ğ¾ Ñ€Ğ¾Ğ´Ğ° Ğ¿Ñ€ĞµĞ¿Ñ€Ğ¾Ñ†ĞµÑÑĞ¾Ñ€ Ñ...

? 
! Misplaced alignment tab character &.
l.23     E &
            =& mc^2\\
? 
! Misplaced alignment tab character &.
l.23     E &=&
               mc^2\\
? 
! Missing $ inserted.
<inserted text> 
                $
l.23     E &=& mc^
                  2\\
? 
! Misplaced alignment tab character &.
l.24     m &
            =& \frac{m_0}{\sqrt{1-\frac{v^2}{c^2}}}
? 
! Misplaced alignment tab character &.
l.24     m &=&
               \frac{m_0}{\sqrt{1-\frac{v^2}{c^2}}}
? 
)
*
! Missing $ inserted.
<inserted text> 
                $
<*> 
    
? 

Overfull \hbox (969.59808pt too wide) in paragraph at lines 12--0
[]\OT1/cmr/m/n/12 L[]T[]X "--- \@inpenc@undefined@utf8x\@inpenc@undefined@utf8x
\@inpenc@undefined@utf8x\@inpenc@undefined@utf8x\@inpenc@undefined@utf8x\@inpen
c@undefined@utf8x\@inpenc@undefined@utf8x\@inpenc@undefined@utf8x\@inpenc@undef
ined@utf8x
 []


Overfull \hbox (756.26587pt too wide) in paragraph at lines 12--0
\OT1/cmr/m/n/12 \@inpenc@undefined@utf8x\@inpenc@undefined@utf8x\@inpenc@undefi
ned@utf8x\@inpenc@undefined@utf8x\@inpenc@undefined@utf8x\@inpenc@undefined@utf
8x\@inpenc@undefined@utf8x\@inpenc@undefined@utf8x
 []


Overfull \hbox (3048.7976pt too wide) in paragraph at lines 12--0
\OT1/cmr/m/n/12 \@inpenc@undefined@utf8x\@inpenc@undefined@utf8x\@inpenc@undefi
ned@utf8x\@inpenc@undefined@utf8x\@inpenc@undefined@utf8x\@inpenc@undefined@utf
8x\@inpenc@undefined@utf8x\@inpenc@undefined@utf8x\@inpenc@undefined@utf8x\@inp
enc@undefined@utf8x\@inpenc@undefined@utf8x\@inpenc@undefined@utf8x\@inpenc@und
efined@utf8x\@inpenc@undefined@utf8x\@inpenc@undefined@utf8x\@inpenc@undefined@
utf8x\@inpenc@undefined@utf8x\@inpenc@undefined@utf8x\@inpenc@undefined@utf8x\@
inpenc@undefined@utf8x\@inpenc@undefined@utf8x\@inpenc@undefined@utf8x\@inpenc@
undefined@utf8x\@inpenc@undefined@utf8x
 []


Overfull \hbox (1329.3988pt too wide) in paragraph at lines 12--0
\OT1/cmr/m/n/12 \@inpenc@undefined@utf8x\@inpenc@undefined@utf8x\@inpenc@undefi
ned@utf8x\@inpenc@undefined@utf8x\@inpenc@undefined@utf8x\@inpenc@undefined@utf
8x\@inpenc@undefined@utf8x\@inpenc@undefined@utf8x\@inpenc@undefined@utf8x\@inp
enc@undefined@utf8x\@inpenc@undefined@utf8x\@inpenc@undefined@utf8x
 []


Overfull \hbox (469.6994pt too wide) in paragraph at lines 12--0
\OT1/cmr/m/n/12 \@inpenc@undefined@utf8x\@inpenc@undefined@utf8x\@inpenc@undefi
ned@utf8x\@inpenc@undefined@utf8x\@inpenc@undefined@utf8x\@inpenc@undefined@utf
8x
 []


Overfull \hbox (2241.9659pt too wide) in paragraph at lines 12--0
\OT1/cmr/m/n/12 \TeX  "--- \@inpenc@undefined@utf8x\@inpenc@undefined@utf8x\@in
penc@undefined@utf8x\@inpenc@undefined@utf8x\@inpenc@undefined@utf8x\@inpenc@un
defined@utf8x\@inpenc@undefined@utf8x\@inpenc@undefined@utf8x\@inpenc@undefined
@utf8x\@inpenc@undefined@utf8x\@inpenc@undefined@utf8x\@inpenc@undefined@utf8x\
@inpenc@undefined@utf8x\@inpenc@undefined@utf8x\@inpenc@undefined@utf8x\@inpenc
@undefined@utf8x\@inpenc@undefined@utf8x\@inpenc@undefined@utf8x
 []


Overfull \hbox (3048.7976pt too wide) in paragraph at lines 12--0
\OT1/cmr/m/n/12 \@inpenc@undefined@utf8x\@inpenc@undefined@utf8x\@inpenc@undefi
ned@utf8x\@inpenc@undefined@utf8x\@inpenc@undefined@utf8x\@inpenc@undefined@utf
8x\@inpenc@undefined@utf8x\@inpenc@undefined@utf8x\@inpenc@undefined@utf8x\@inp
enc@undefined@utf8x\@inpenc@undefined@utf8x\@inpenc@undefined@utf8x\@inpenc@und
efined@utf8x\@inpenc@undefined@utf8x\@inpenc@undefined@utf8x\@inpenc@undefined@
utf8x\@inpenc@undefined@utf8x\@inpenc@undefined@utf8x\@inpenc@undefined@utf8x\@
inpenc@undefined@utf8x\@inpenc@undefined@utf8x\@inpenc@undefined@utf8x\@inpenc@
undefined@utf8x\@inpenc@undefined@utf8x
 []


Overfull \hbox (1619.22913pt too wide) in paragraph at lines 12--0
\OT1/cmr/m/n/12 \@inpenc@undefined@utf8x\@inpenc@undefined@utf8x\@inpenc@undefi
ned@utf8x\@inpenc@undefined@utf8x\@inpenc@undefined@utf8x\@inpenc@undefined@utf
8x\@inpenc@undefined@utf8x\@inpenc@undefined@utf8x\@inpenc@undefined@utf8x\@inp
enc@undefined@utf8x\@inpenc@undefined@utf8x\@inpenc@undefined@utf8x\@inpenc@und
efined@utf8x\@inpenc@undefined@utf8x.
 []


Overfull \hbox (1948.38007pt too wide) in paragraph at lines 12--0
\OT1/cmr/m/n/12 \LaTeX  \@inpenc@undefined@utf8x\@inpenc@undefined@utf8x\@inpen
c@undefined@utf8x\@inpenc@undefined@utf8x\@inpenc@undefined@utf8x\@inpenc@undef
ined@utf8x\@inpenc@undefined@utf8x\@inpenc@undefined@utf8x\@inpenc@undefined@ut
f8x\@inpenc@undefined@utf8x\@inpenc@undefined@utf8x\@inpenc@undefined@utf8x\@in
penc@undefined@utf8x\@inpenc@undefined@utf8x\@inpenc@undefined@utf8x\@inpenc@un
defined@utf8x
 []


Overfull \hbox (3908.49701pt too wide) in paragraph at lines 12--0
\OT1/cmr/m/n/12 \@inpenc@undefined@utf8x\@inpenc@undefined@utf8x\@inpenc@undefi
ned@utf8x\@inpenc@undefined@utf8x\@inpenc@undefined@utf8x\@inpenc@undefined@utf
8x\@inpenc@undefined@utf8x\@inpenc@undefined@utf8x\@inpenc@undefined@utf8x\@inp
enc@undefined@utf8x\@inpenc@undefined@utf8x\@inpenc@undefined@utf8x\@inpenc@und
efined@utf8x\@inpenc@undefined@utf8x\@inpenc@undefined@utf8x\@inpenc@undefined@
utf8x\@inpenc@undefined@utf8x\@inpenc@undefined@utf8x\@inpenc@undefined@utf8x\@
inpenc@undefined@utf8x\@inpenc@undefined@utf8x\@inpenc@undefined@utf8x\@inpenc@
undefined@utf8x\@inpenc@undefined@utf8x\@inpenc@undefined@utf8x\@inpenc@undefin
ed@utf8x\@inpenc@undefined@utf8x\@inpenc@undefined@utf8x\@inpenc@undefined@utf8
x\@inpenc@undefined@utf8x
 []


Overfull \hbox (3054.67255pt too wide) in paragraph at lines 12--0
\OT1/cmr/m/n/12 \@inpenc@undefined@utf8x\@inpenc@undefined@utf8x \@inpenc@undef
ined@utf8x\@inpenc@undefined@utf8x\@inpenc@undefined@utf8x\@inpenc@undefined@ut
f8x\@inpenc@undefined@utf8x\@inpenc@undefined@utf8x\@inpenc@undefined@utf8x\@in
penc@undefined@utf8x\@inpenc@undefined@utf8x\@inpenc@undefined@utf8x\@inpenc@un
defined@utf8x\@inpenc@undefined@utf8x\@inpenc@undefined@utf8x\@inpenc@undefined
@utf8x\@inpenc@undefined@utf8x\@inpenc@undefined@utf8x\@inpenc@undefined@utf8x\
@inpenc@undefined@utf8x\@inpenc@undefined@utf8x\@inpenc@undefined@utf8x\@inpenc
@undefined@utf8x\@inpenc@undefined@utf8x,
 []


Overfull \hbox (469.6994pt too wide) in paragraph at lines 12--0
\OT1/cmr/m/n/12 \@inpenc@undefined@utf8x\@inpenc@undefined@utf8x\@inpenc@undefi
ned@utf8x\@inpenc@undefined@utf8x\@inpenc@undefined@utf8x\@inpenc@undefined@utf
8x
 []


Overfull \hbox (2189.0982pt too wide) in paragraph at lines 12--0
\OT1/cmr/m/n/12 \@inpenc@undefined@utf8x\@inpenc@undefined@utf8x\@inpenc@undefi
ned@utf8x\@inpenc@undefined@utf8x\@inpenc@undefined@utf8x\@inpenc@undefined@utf
8x\@inpenc@undefined@utf8x\@inpenc@undefined@utf8x\@inpenc@undefined@utf8x\@inp
enc@undefined@utf8x\@inpenc@undefined@utf8x\@inpenc@undefined@utf8x\@inpenc@und
efined@utf8x\@inpenc@undefined@utf8x\@inpenc@undefined@utf8x\@inpenc@undefined@
utf8x\@inpenc@undefined@utf8x\@inpenc@undefined@utf8x
 []


Overfull \hbox (4195.06348pt too wide) in paragraph at lines 12--0
\OT1/cmr/m/n/12 \@inpenc@undefined@utf8x\@inpenc@undefined@utf8x\@inpenc@undefi
ned@utf8x\@inpenc@undefined@utf8x\@inpenc@undefined@utf8x\@inpenc@undefined@utf
8x\@inpenc@undefined@utf8x\@inpenc@undefined@utf8x\@inpenc@undefined@utf8x\@inp
enc@undefined@utf8x\@inpenc@undefined@utf8x\@inpenc@undefined@utf8x\@inpenc@und
efined@utf8x\@inpenc@undefined@utf8x\@inpenc@undefined@utf8x\@inpenc@undefined@
utf8x\@inpenc@undefined@utf8x\@inpenc@undefined@utf8x\@inpenc@undefined@utf8x\@
inpenc@undefined@utf8x\@inpenc@undefined@utf8x\@inpenc@undefined@utf8x\@inpenc@
undefined@utf8x\@inpenc@undefined@utf8x\@inpenc@undefined@utf8x\@inpenc@undefin
ed@utf8x\@inpenc@undefined@utf8x\@inpenc@undefined@utf8x\@inpenc@undefined@utf8
x\@inpenc@undefined@utf8x\@inpenc@undefined@utf8x\@inpenc@undefined@utf8x
 []


Overfull \hbox (1615.96527pt too wide) in paragraph at lines 12--0
\OT1/cmr/m/n/12 \@inpenc@undefined@utf8x\@inpenc@undefined@utf8x\@inpenc@undefi
ned@utf8x\@inpenc@undefined@utf8x\@inpenc@undefined@utf8x\@inpenc@undefined@utf
8x\@inpenc@undefined@utf8x\@inpenc@undefined@utf8x\@inpenc@undefined@utf8x\@inp
enc@undefined@utf8x\@inpenc@undefined@utf8x\@inpenc@undefined@utf8x\@inpenc@und
efined@utf8x\@inpenc@undefined@utf8x
 []


Overfull \hbox (1042.83234pt too wide) in paragraph at lines 12--0
\OT1/cmr/m/n/12 \@inpenc@undefined@utf8x\@inpenc@undefined@utf8x\@inpenc@undefi
ned@utf8x\@inpenc@undefined@utf8x\@inpenc@undefined@utf8x\@inpenc@undefined@utf
8x\@inpenc@undefined@utf8x\@inpenc@undefined@utf8x\@inpenc@undefined@utf8x\@inp
enc@undefined@utf8x
 []


Overfull \hbox (1902.53174pt too wide) in paragraph at lines 12--0
\OT1/cmr/m/n/12 \@inpenc@undefined@utf8x\@inpenc@undefined@utf8x\@inpenc@undefi
ned@utf8x\@inpenc@undefined@utf8x\@inpenc@undefined@utf8x\@inpenc@undefined@utf
8x\@inpenc@undefined@utf8x\@inpenc@undefined@utf8x\@inpenc@undefined@utf8x\@inp
enc@undefined@utf8x\@inpenc@undefined@utf8x\@inpenc@undefined@utf8x\@inpenc@und
efined@utf8x\@inpenc@undefined@utf8x\@inpenc@undefined@utf8x\@inpenc@undefined@
utf8x
 []


Overfull \hbox (1332.66266pt too wide) in paragraph at lines 12--0
\OT1/cmr/m/n/12 \@inpenc@undefined@utf8x\@inpenc@undefined@utf8x\@inpenc@undefi
ned@utf8x\@inpenc@undefined@utf8x\@inpenc@undefined@utf8x\@inpenc@undefined@utf
8x\@inpenc@undefined@utf8x\@inpenc@undefined@utf8x\@inpenc@undefined@utf8x\@inp
enc@undefined@utf8x\@inpenc@undefined@utf8x\@inpenc@undefined@utf8x,
 []


Overfull \hbox (1615.96527pt too wide) in paragraph at lines 12--0
\OT1/cmr/m/n/12 \@inpenc@undefined@utf8x\@inpenc@undefined@utf8x\@inpenc@undefi
ned@utf8x\@inpenc@undefined@utf8x\@inpenc@undefined@utf8x\@inpenc@undefined@utf
8x\@inpenc@undefined@utf8x\@inpenc@undefined@utf8x\@inpenc@undefined@utf8x\@inp
enc@undefined@utf8x\@inpenc@undefined@utf8x\@inpenc@undefined@utf8x\@inpenc@und
efined@utf8x\@inpenc@undefined@utf8x
 []


Overfull \hbox (2192.36206pt too wide) in paragraph at lines 12--0
\OT1/cmr/m/n/12 \@inpenc@undefined@utf8x\@inpenc@undefined@utf8x\@inpenc@undefi
ned@utf8x\@inpenc@undefined@utf8x\@inpenc@undefined@utf8x\@inpenc@undefined@utf
8x\@inpenc@undefined@utf8x\@inpenc@undefined@utf8x\@inpenc@undefined@utf8x\@inp
enc@undefined@utf8x\@inpenc@undefined@utf8x\@inpenc@undefined@utf8x\@inpenc@und
efined@utf8x\@inpenc@undefined@utf8x\@inpenc@undefined@utf8x\@inpenc@undefined@
utf8x\@inpenc@undefined@utf8x\@inpenc@undefined@utf8x,
 []


Overfull \hbox (3048.7976pt too wide) in paragraph at lines 12--0
\OT1/cmr/m/n/12 \@inpenc@undefined@utf8x\@inpenc@undefined@utf8x\@inpenc@undefi
ned@utf8x\@inpenc@undefined@utf8x\@inpenc@undefined@utf8x\@inpenc@undefined@utf
8x\@inpenc@undefined@utf8x\@inpenc@undefined@utf8x\@inpenc@undefined@utf8x\@inp
enc@undefined@utf8x\@inpenc@undefined@utf8x\@inpenc@undefined@utf8x\@inpenc@und
efined@utf8x\@inpenc@undefined@utf8x\@inpenc@undefined@utf8x\@inpenc@undefined@
utf8x\@inpenc@undefined@utf8x\@inpenc@undefined@utf8x\@inpenc@undefined@utf8x\@
inpenc@undefined@utf8x\@inpenc@undefined@utf8x\@inpenc@undefined@utf8x\@inpenc@
undefined@utf8x\@inpenc@undefined@utf8x
 []


Overfull \hbox (1332.66266pt too wide) in paragraph at lines 12--0
\OT1/cmr/m/n/12 \@inpenc@undefined@utf8x\@inpenc@undefined@utf8x\@inpenc@undefi
ned@utf8x\@inpenc@undefined@utf8x\@inpenc@undefined@utf8x\@inpenc@undefined@utf
8x\@inpenc@undefined@utf8x\@inpenc@undefined@utf8x\@inpenc@undefined@utf8x\@inp
enc@undefined@utf8x\@inpenc@undefined@utf8x\@inpenc@undefined@utf8x,
 []


Overfull \hbox (1615.96527pt too wide) in paragraph at lines 12--0
\OT1/cmr/m/n/12 \@inpenc@undefined@utf8x\@inpenc@undefined@utf8x\@inpenc@undefi
ned@utf8x\@inpenc@undefined@utf8x\@inpenc@undefined@utf8x\@inpenc@undefined@utf
8x\@inpenc@undefined@utf8x\@inpenc@undefined@utf8x\@inpenc@undefined@utf8x\@inp
enc@undefined@utf8x\@inpenc@undefined@utf8x\@inpenc@undefined@utf8x\@inpenc@und
efined@utf8x\@inpenc@undefined@utf8x
 []


Overfull \hbox (3051.40869pt too wide) in paragraph at lines 12--0
\OT1/cmr/m/n/12 \@inpenc@undefined@utf8x\@inpenc@undefined@utf8x \@inpenc@undef
ined@utf8x\@inpenc@undefined@utf8x\@inpenc@undefined@utf8x\@inpenc@undefined@ut
f8x\@inpenc@undefined@utf8x\@inpenc@undefined@utf8x\@inpenc@undefined@utf8x\@in
penc@undefined@utf8x\@inpenc@undefined@utf8x\@inpenc@undefined@utf8x\@inpenc@un
defined@utf8x\@inpenc@undefined@utf8x\@inpenc@undefined@utf8x\@inpenc@undefined
@utf8x\@inpenc@undefined@utf8x\@inpenc@undefined@utf8x\@inpenc@undefined@utf8x\
@inpenc@undefined@utf8x\@inpenc@undefined@utf8x\@inpenc@undefined@utf8x\@inpenc
@undefined@utf8x\@inpenc@undefined@utf8x
 []


Overfull \hbox (187.70233pt too wide) in paragraph at lines 12--0
\OT1/cmr/m/n/12 (\@inpenc@undefined@utf8x\@inpenc@undefined@utf8x\@inpenc@undef
ined@utf8x\@inpenc@undefined@utf8x
 []


Overfull \hbox (2475.66467pt too wide) in paragraph at lines 12--0
\OT1/cmr/m/n/12 \@inpenc@undefined@utf8x\@inpenc@undefined@utf8x\@inpenc@undefi
ned@utf8x\@inpenc@undefined@utf8x\@inpenc@undefined@utf8x\@inpenc@undefined@utf
8x\@inpenc@undefined@utf8x\@inpenc@undefined@utf8x\@inpenc@undefined@utf8x\@inp
enc@undefined@utf8x\@inpenc@undefined@utf8x\@inpenc@undefined@utf8x\@inpenc@und
efined@utf8x\@inpenc@undefined@utf8x\@inpenc@undefined@utf8x\@inpenc@undefined@
utf8x\@inpenc@undefined@utf8x\@inpenc@undefined@utf8x\@inpenc@undefined@utf8x\@
inpenc@undefined@utf8x
 []


Overfull \hbox (1905.14282pt too wide) in paragraph at lines 12--0
\OT1/cmr/m/n/12 \@inpenc@undefined@utf8x\@inpenc@undefined@utf8x \@inpenc@undef
ined@utf8x\@inpenc@undefined@utf8x\@inpenc@undefined@utf8x\@inpenc@undefined@ut
f8x\@inpenc@undefined@utf8x\@inpenc@undefined@utf8x\@inpenc@undefined@utf8x\@in
penc@undefined@utf8x\@inpenc@undefined@utf8x\@inpenc@undefined@utf8x\@inpenc@un
defined@utf8x\@inpenc@undefined@utf8x\@inpenc@undefined@utf8x\@inpenc@undefined
@utf8x
 []


Overfull \hbox (766.7102pt too wide) in paragraph at lines 12--0
\OT1/cmr/m/n/12 \@inpenc@undefined@utf8x\@inpenc@undefined@utf8x \@inpenc@undef
ined@utf8x\@inpenc@undefined@utf8x\@inpenc@undefined@utf8x\@inpenc@undefined@ut
f8x\@inpenc@undefined@utf8x\@inpenc@undefined@utf8x),
 []


Overfull \hbox (1042.83234pt too wide) in paragraph at lines 12--0
\OT1/cmr/m/n/12 \@inpenc@undefined@utf8x\@inpenc@undefined@utf8x\@inpenc@undefi
ned@utf8x\@inpenc@undefined@utf8x\@inpenc@undefined@utf8x\@inpenc@undefined@utf
8x\@inpenc@undefined@utf8x\@inpenc@undefined@utf8x\@inpenc@undefined@utf8x\@inp
enc@undefined@utf8x
 []


Overfull \hbox (469.6994pt too wide) in paragraph at lines 12--0
\OT1/cmr/m/n/12 \@inpenc@undefined@utf8x\@inpenc@undefined@utf8x\@inpenc@undefi
ned@utf8x\@inpenc@undefined@utf8x\@inpenc@undefined@utf8x\@inpenc@undefined@utf
8x
 []


Overfull \hbox (1905.7956pt too wide) in paragraph at lines 12--0
\OT1/cmr/m/n/12 \@inpenc@undefined@utf8x\@inpenc@undefined@utf8x\@inpenc@undefi
ned@utf8x\@inpenc@undefined@utf8x\@inpenc@undefined@utf8x\@inpenc@undefined@utf
8x\@inpenc@undefined@utf8x\@inpenc@undefined@utf8x\@inpenc@undefined@utf8x\@inp
enc@undefined@utf8x\@inpenc@undefined@utf8x\@inpenc@undefined@utf8x\@inpenc@und
efined@utf8x\@inpenc@undefined@utf8x\@inpenc@undefined@utf8x\@inpenc@undefined@
utf8x,
 []


Overfull \hbox (3048.7976pt too wide) in paragraph at lines 12--0
\OT1/cmr/m/n/12 \@inpenc@undefined@utf8x\@inpenc@undefined@utf8x\@inpenc@undefi
ned@utf8x\@inpenc@undefined@utf8x\@inpenc@undefined@utf8x\@inpenc@undefined@utf
8x\@inpenc@undefined@utf8x\@inpenc@undefined@utf8x\@inpenc@undefined@utf8x\@inp
enc@undefined@utf8x\@inpenc@undefined@utf8x\@inpenc@undefined@utf8x\@inpenc@und
efined@utf8x\@inpenc@undefined@utf8x\@inpenc@undefined@utf8x\@inpenc@undefined@
utf8x\@inpenc@undefined@utf8x\@inpenc@undefined@utf8x\@inpenc@undefined@utf8x\@
inpenc@undefined@utf8x\@inpenc@undefined@utf8x\@inpenc@undefined@utf8x\@inpenc@
undefined@utf8x\@inpenc@undefined@utf8x
 []


Overfull \hbox (1622.49298pt too wide) in paragraph at lines 12--0
\OT1/cmr/m/n/12 \@inpenc@undefined@utf8x\@inpenc@undefined@utf8x \@inpenc@undef
ined@utf8x\@inpenc@undefined@utf8x\@inpenc@undefined@utf8x\@inpenc@undefined@ut
f8x\@inpenc@undefined@utf8x\@inpenc@undefined@utf8x\@inpenc@undefined@utf8x\@in
penc@undefined@utf8x\@inpenc@undefined@utf8x\@inpenc@undefined@utf8x\@inpenc@un
defined@utf8x\@inpenc@undefined@utf8x-
 []


Overfull \hbox (1329.3988pt too wide) in paragraph at lines 12--0
\OT1/cmr/m/n/12 \@inpenc@undefined@utf8x\@inpenc@undefined@utf8x\@inpenc@undefi
ned@utf8x\@inpenc@undefined@utf8x\@inpenc@undefined@utf8x\@inpenc@undefined@utf
8x\@inpenc@undefined@utf8x\@inpenc@undefined@utf8x\@inpenc@undefined@utf8x\@inp
enc@undefined@utf8x\@inpenc@undefined@utf8x\@inpenc@undefined@utf8x
 []


Overfull \hbox (1332.66266pt too wide) in paragraph at lines 12--0
\OT1/cmr/m/n/12 \@inpenc@undefined@utf8x\@inpenc@undefined@utf8x\@inpenc@undefi
ned@utf8x\@inpenc@undefined@utf8x\@inpenc@undefined@utf8x\@inpenc@undefined@utf
8x\@inpenc@undefined@utf8x\@inpenc@undefined@utf8x\@inpenc@undefined@utf8x\@inp
enc@undefined@utf8x\@inpenc@undefined@utf8x\@inpenc@undefined@utf8x.
 []


Overfull \hbox (515.54773pt too wide) in paragraph at lines 12--0
\OT1/cmr/m/n/12 \LaTeX  \@inpenc@undefined@utf8x\@inpenc@undefined@utf8x\@inpen
c@undefined@utf8x\@inpenc@undefined@utf8x\@inpenc@undefined@utf8x\@inpenc@undef
ined@utf8x
 []


Overfull \hbox (3335.36407pt too wide) in paragraph at lines 12--0
\OT1/cmr/m/n/12 \@inpenc@undefined@utf8x\@inpenc@undefined@utf8x\@inpenc@undefi
ned@utf8x\@inpenc@undefined@utf8x\@inpenc@undefined@utf8x\@inpenc@undefined@utf
8x\@inpenc@undefined@utf8x\@inpenc@undefined@utf8x\@inpenc@undefined@utf8x\@inp
enc@undefined@utf8x\@inpenc@undefined@utf8x\@inpenc@undefined@utf8x\@inpenc@und
efined@utf8x\@inpenc@undefined@utf8x\@inpenc@undefined@utf8x\@inpenc@undefined@
utf8x\@inpenc@undefined@utf8x\@inpenc@undefined@utf8x\@inpenc@undefined@utf8x\@
inpenc@undefined@utf8x\@inpenc@undefined@utf8x\@inpenc@undefined@utf8x\@inpenc@
undefined@utf8x\@inpenc@undefined@utf8x\@inpenc@undefined@utf8x\@inpenc@undefin
ed@utf8x
 []


Overfull \hbox (1615.96527pt too wide) in paragraph at lines 12--0
\OT1/cmr/m/n/12 \@inpenc@undefined@utf8x\@inpenc@undefined@utf8x\@inpenc@undefi
ned@utf8x\@inpenc@undefined@utf8x\@inpenc@undefined@utf8x\@inpenc@undefined@utf
8x\@inpenc@undefined@utf8x\@inpenc@undefined@utf8x\@inpenc@undefined@utf8x\@inp
enc@undefined@utf8x\@inpenc@undefined@utf8x\@inpenc@undefined@utf8x\@inpenc@und
efined@utf8x\@inpenc@undefined@utf8x
 []


Overfull \hbox (1042.83234pt too wide) in paragraph at lines 12--0
\OT1/cmr/m/n/12 \@inpenc@undefined@utf8x\@inpenc@undefined@utf8x\@inpenc@undefi
ned@utf8x\@inpenc@undefined@utf8x\@inpenc@undefined@utf8x\@inpenc@undefined@utf
8x\@inpenc@undefined@utf8x\@inpenc@undefined@utf8x\@inpenc@undefined@utf8x\@inp
enc@undefined@utf8x
 []


Overfull \hbox (2189.0982pt too wide) in paragraph at lines 12--0
\OT1/cmr/m/n/12 \@inpenc@undefined@utf8x\@inpenc@undefined@utf8x\@inpenc@undefi
ned@utf8x\@inpenc@undefined@utf8x\@inpenc@undefined@utf8x\@inpenc@undefined@utf
8x\@inpenc@undefined@utf8x\@inpenc@undefined@utf8x\@inpenc@undefined@utf8x\@inp
enc@undefined@utf8x\@inpenc@undefined@utf8x\@inpenc@undefined@utf8x\@inpenc@und
efined@utf8x\@inpenc@undefined@utf8x\@inpenc@undefined@utf8x\@inpenc@undefined@
utf8x\@inpenc@undefined@utf8x\@inpenc@undefined@utf8x
 []


Overfull \hbox (213.1604pt too wide) in paragraph at lines 12--0
\OT1/cmr/m/n/12 \@inpenc@undefined@utf8x\@inpenc@undefined@utf8x 1984-\@inpenc@
undefined@utf8x\@inpenc@undefined@utf8x
 []


Overfull \hbox (756.26587pt too wide) in paragraph at lines 12--0
\OT1/cmr/m/n/12 \@inpenc@undefined@utf8x\@inpenc@undefined@utf8x\@inpenc@undefi
ned@utf8x\@inpenc@undefined@utf8x\@inpenc@undefined@utf8x\@inpenc@undefined@utf
8x\@inpenc@undefined@utf8x\@inpenc@undefined@utf8x
 []


Overfull \hbox (1045.44342pt too wide) in paragraph at lines 12--0
\OT1/cmr/m/n/12 \@inpenc@undefined@utf8x\@inpenc@undefined@utf8x \@inpenc@undef
ined@utf8x\@inpenc@undefined@utf8x\@inpenc@undefined@utf8x\@inpenc@undefined@ut
f8x\@inpenc@undefined@utf8x\@inpenc@undefined@utf8x\@inpenc@undefined@utf8x\@in
penc@undefined@utf8x
 []


Overfull \hbox (1902.53174pt too wide) in paragraph at lines 12--0
\OT1/cmr/m/n/12 \@inpenc@undefined@utf8x\@inpenc@undefined@utf8x\@inpenc@undefi
ned@utf8x\@inpenc@undefined@utf8x\@inpenc@undefined@utf8x\@inpenc@undefined@utf
8x\@inpenc@undefined@utf8x\@inpenc@undefined@utf8x\@inpenc@undefined@utf8x\@inp
enc@undefined@utf8x\@inpenc@undefined@utf8x\@inpenc@undefined@utf8x\@inpenc@und
efined@utf8x\@inpenc@undefined@utf8x\@inpenc@undefined@utf8x\@inpenc@undefined@
utf8x
 []


Overfull \hbox (2475.66467pt too wide) in paragraph at lines 12--0
\OT1/cmr/m/n/12 \@inpenc@undefined@utf8x\@inpenc@undefined@utf8x\@inpenc@undefi
ned@utf8x\@inpenc@undefined@utf8x\@inpenc@undefined@utf8x\@inpenc@undefined@utf
8x\@inpenc@undefined@utf8x\@inpenc@undefined@utf8x\@inpenc@undefined@utf8x\@inp
enc@undefined@utf8x\@inpenc@undefined@utf8x\@inpenc@undefined@utf8x\@inpenc@und
efined@utf8x\@inpenc@undefined@utf8x\@inpenc@undefined@utf8x\@inpenc@undefined@
utf8x\@inpenc@undefined@utf8x\@inpenc@undefined@utf8x\@inpenc@undefined@utf8x\@
inpenc@undefined@utf8x
 []


Overfull \hbox (1902.53174pt too wide) in paragraph at lines 12--0
\OT1/cmr/m/n/12 \@inpenc@undefined@utf8x\@inpenc@undefined@utf8x\@inpenc@undefi
ned@utf8x\@inpenc@undefined@utf8x\@inpenc@undefined@utf8x\@inpenc@undefined@utf
8x\@inpenc@undefined@utf8x\@inpenc@undefined@utf8x\@inpenc@undefined@utf8x\@inp
enc@undefined@utf8x\@inpenc@undefined@utf8x\@inpenc@undefined@utf8x\@inpenc@und
efined@utf8x\@inpenc@undefined@utf8x\@inpenc@undefined@utf8x\@inpenc@undefined@
utf8x
 []


Overfull \hbox (3335.36407pt too wide) in paragraph at lines 12--0
\OT1/cmr/m/n/12 \@inpenc@undefined@utf8x\@inpenc@undefined@utf8x\@inpenc@undefi
ned@utf8x\@inpenc@undefined@utf8x\@inpenc@undefined@utf8x\@inpenc@undefined@utf
8x\@inpenc@undefined@utf8x\@inpenc@undefined@utf8x\@inpenc@undefined@utf8x\@inp
enc@undefined@utf8x\@inpenc@undefined@utf8x\@inpenc@undefined@utf8x\@inpenc@und
efined@utf8x\@inpenc@undefined@utf8x\@inpenc@undefined@utf8x\@inpenc@undefined@
utf8x\@inpenc@undefined@utf8x\@inpenc@undefined@utf8x\@inpenc@undefined@utf8x\@
inpenc@undefined@utf8x\@inpenc@undefined@utf8x\@inpenc@undefined@utf8x\@inpenc@
undefined@utf8x\@inpenc@undefined@utf8x\@inpenc@undefined@utf8x\@inpenc@undefin
ed@utf8x
 []


Overfull \hbox (1365.73093pt too wide) in paragraph at lines 12--0
\OT1/cmr/m/n/12 \TeX \@inpenc@undefined@utf8x\@inpenc@undefined@utf8x; \@inpenc
@undefined@utf8x\@inpenc@undefined@utf8x\@inpenc@undefined@utf8x\@inpenc@undefi
ned@utf8x\@inpenc@undefined@utf8x\@inpenc@undefined@utf8x\@inpenc@undefined@utf
8x\@inpenc@undefined@utf8x\@inpenc@undefined@utf8x\@inpenc@undefined@utf8x
 []


Overfull \hbox (756.26587pt too wide) in paragraph at lines 12--0
\OT1/cmr/m/n/12 \@inpenc@undefined@utf8x\@inpenc@undefined@utf8x\@inpenc@undefi
ned@utf8x\@inpenc@undefined@utf8x\@inpenc@undefined@utf8x\@inpenc@undefined@utf
8x\@inpenc@undefined@utf8x\@inpenc@undefined@utf8x
 []


Overfull \hbox (1042.83234pt too wide) in paragraph at lines 12--0
\OT1/cmr/m/n/12 \@inpenc@undefined@utf8x\@inpenc@undefined@utf8x\@inpenc@undefi
ned@utf8x\@inpenc@undefined@utf8x\@inpenc@undefined@utf8x\@inpenc@undefined@utf
8x\@inpenc@undefined@utf8x\@inpenc@undefined@utf8x\@inpenc@undefined@utf8x\@inp
enc@undefined@utf8x
 []


Overfull \hbox (1615.96527pt too wide) in paragraph at lines 12--0
\OT1/cmr/m/n/12 \@inpenc@undefined@utf8x\@inpenc@undefined@utf8x\@inpenc@undefi
ned@utf8x\@inpenc@undefined@utf8x\@inpenc@undefined@utf8x\@inpenc@undefined@utf
8x\@inpenc@undefined@utf8x\@inpenc@undefined@utf8x\@inpenc@undefined@utf8x\@inp
enc@undefined@utf8x\@inpenc@undefined@utf8x\@inpenc@undefined@utf8x\@inpenc@und
efined@utf8x\@inpenc@undefined@utf8x
 []


Overfull \hbox (1042.83234pt too wide) in paragraph at lines 12--0
\OT1/cmr/m/n/12 \@inpenc@undefined@utf8x\@inpenc@undefined@utf8x\@inpenc@undefi
ned@utf8x\@inpenc@undefined@utf8x\@inpenc@undefined@utf8x\@inpenc@undefined@utf
8x\@inpenc@undefined@utf8x\@inpenc@undefined@utf8x\@inpenc@undefined@utf8x\@inp
enc@undefined@utf8x
 []


Overfull \hbox (183.13293pt too wide) in paragraph at lines 12--0
\OT1/cmr/m/n/12 \@inpenc@undefined@utf8x\@inpenc@undefined@utf8x\@inpenc@undefi
ned@utf8x\@inpenc@undefined@utf8x
 []


Overfull \hbox (3048.7976pt too wide) in paragraph at lines 12--0
\OT1/cmr/m/n/12 \@inpenc@undefined@utf8x\@inpenc@undefined@utf8x\@inpenc@undefi
ned@utf8x\@inpenc@undefined@utf8x\@inpenc@undefined@utf8x\@inpenc@undefined@utf
8x\@inpenc@undefined@utf8x\@inpenc@undefined@utf8x\@inpenc@undefined@utf8x\@inp
enc@undefined@utf8x\@inpenc@undefined@utf8x\@inpenc@undefined@utf8x\@inpenc@und
efined@utf8x\@inpenc@undefined@utf8x\@inpenc@undefined@utf8x\@inpenc@undefined@
utf8x\@inpenc@undefined@utf8x\@inpenc@undefined@utf8x\@inpenc@undefined@utf8x\@
inpenc@undefined@utf8x\@inpenc@undefined@utf8x\@inpenc@undefined@utf8x\@inpenc@
undefined@utf8x\@inpenc@undefined@utf8x
 []


Overfull \hbox (1940.60458pt too wide) in paragraph at lines 12--0
\OT1/cmr/m/n/12 \TeX \@inpenc@undefined@utf8x\@inpenc@undefined@utf8x. \@inpenc
@undefined@utf8x\@inpenc@undefined@utf8x\@inpenc@undefined@utf8x\@inpenc@undefi
ned@utf8x\@inpenc@undefined@utf8x\@inpenc@undefined@utf8x\@inpenc@undefined@utf
8x\@inpenc@undefined@utf8x\@inpenc@undefined@utf8x\@inpenc@undefined@utf8x\@inp
enc@undefined@utf8x\@inpenc@undefined@utf8x\@inpenc@undefined@utf8x\@inpenc@und
efined@utf8x
 []


Overfull \hbox (1615.96527pt too wide) in paragraph at lines 12--0
\OT1/cmr/m/n/12 \@inpenc@undefined@utf8x\@inpenc@undefined@utf8x\@inpenc@undefi
ned@utf8x\@inpenc@undefined@utf8x\@inpenc@undefined@utf8x\@inpenc@undefined@utf
8x\@inpenc@undefined@utf8x\@inpenc@undefined@utf8x\@inpenc@undefined@utf8x\@inp
enc@undefined@utf8x\@inpenc@undefined@utf8x\@inpenc@undefined@utf8x\@inpenc@und
efined@utf8x\@inpenc@undefined@utf8x
 []


Overfull \hbox (1902.53174pt too wide) in paragraph at lines 12--0
\OT1/cmr/m/n/12 \@inpenc@undefined@utf8x\@inpenc@undefined@utf8x\@inpenc@undefi
ned@utf8x\@inpenc@undefined@utf8x\@inpenc@undefined@utf8x\@inpenc@undefined@utf
8x\@inpenc@undefined@utf8x\@inpenc@undefined@utf8x\@inpenc@undefined@utf8x\@inp
enc@undefined@utf8x\@inpenc@undefined@utf8x\@inpenc@undefined@utf8x\@inpenc@und
efined@utf8x\@inpenc@undefined@utf8x\@inpenc@undefined@utf8x\@inpenc@undefined@
utf8x
 []

[1

{C:/Users/vikin/AppData/Local/MiKTeX/fonts/map/pdftex/pdftex.map}]
(Please type a command or say `\end')
*
(Please type a command or say `\end')
*\end

*
(Please type a command or say `\end')
*
(Please type a command or say `\end')
*
(Please type a command or say `\end')
*
(Please type a command or say `\end')
*
(Please type a command or say `\end')
*end

*
(Please type a command or say `\end')
*
! Emergency stop.
<*> 
    
End of file on the terminal!

 
Here is how much of TeX's memory you used:
 1459 strings out of 476331
 26499 string characters out of 5787766
 1860660 words of memory out of 5000000
 21951 multiletter control sequences out of 15000+600000
 516850 words of font info for 47 fonts, out of 8000000 for 9000
 1141 hyphenation exceptions out of 8191
 38i,5n,49p,214b,191s stack positions out of 10000i,1000n,20000p,200000b,200000s
!  ==> Fatal error occurred, no output PDF file produced!
